0 info it worked if it ends with ok
1 verbose cli [ 'node', '/usr/local/bin/npm', 'publish' ]
2 info using npm@2.6.0
3 info using node@v1.2.0
4 verbose node symlink /usr/local/bin/node
5 verbose publish [ '.' ]
6 silly cache add args [ '.', null ]
7 verbose cache add spec .
8 silly cache add parsed spec { raw: '.',
8 silly cache add   scope: null,
8 silly cache add   name: null,
8 silly cache add   rawSpec: '.',
8 silly cache add   spec: '/Users/tcoats/Open/odo-relay',
8 silly cache add   type: 'directory' }
9 verbose addLocalDirectory /Users/tcoats/.npm/odo-relay/0.0.5/package.tgz not in flight; packing
10 verbose tar pack [ '/Users/tcoats/.npm/odo-relay/0.0.5/package.tgz',
10 verbose tar pack   '/Users/tcoats/Open/odo-relay' ]
11 verbose tarball /Users/tcoats/.npm/odo-relay/0.0.5/package.tgz
12 verbose folder /Users/tcoats/Open/odo-relay
13 info prepublish odo-relay@0.0.5
14 verbose addLocalTarball adding from inside cache /Users/tcoats/.npm/odo-relay/0.0.5/package.tgz
15 silly cache afterAdd odo-relay@0.0.5
16 verbose afterAdd /Users/tcoats/.npm/odo-relay/0.0.5/package/package.json not in flight; writing
17 verbose afterAdd /Users/tcoats/.npm/odo-relay/0.0.5/package/package.json written
18 silly publish { name: 'odo-relay',
18 silly publish   version: '0.0.5',
18 silly publish   description: 'Unidirectional loop for odojs',
18 silly publish   main: 'relay.js',
18 silly publish   scripts: { test: 'echo "Error: no test specified" && exit 1' },
18 silly publish   author: { name: 'Thomas Coats' },
18 silly publish   license: 'MIT',
18 silly publish   bugs: { url: 'https://github.com/odojs/odo-relay/issues' },
18 silly publish   repository: { type: 'git', url: 'git@github.com:odojs/odo-relay.git' },
18 silly publish   readmeFilename: 'README.md',
18 silly publish   homepage: 'https://github.com/odojs/odo-relay',
18 silly publish   dependencies: { extend: '2.0.0', 'odo-async': '1.0.0', odoql: '5.1.2' },
18 silly publish   gitHead: '145ea5afca5a280b3e1119194d95646f99e21757',
18 silly publish   readme: '# Odo Relay\n\nThe relay pattern for odoql and odojs',
18 silly publish   _id: 'odo-relay@0.0.5',
18 silly publish   _shasum: '1e98a30e1c18a0918d92983b53ecf0454b4b8a26',
18 silly publish   _from: '.' }
19 silly mapToRegistry name odo-relay
20 silly mapToRegistry using default registry
21 silly mapToRegistry registry https://registry.npmjs.org/
22 silly mapToRegistry uri https://registry.npmjs.org/odo-relay
23 verbose publish registryBase https://registry.npmjs.org/
24 silly publish uploading /Users/tcoats/.npm/odo-relay/0.0.5/package.tgz
25 verbose request uri https://registry.npmjs.org/odo-relay
26 verbose request sending authorization for write operation
27 info attempt registry request try #1 at 22:56:49
28 verbose request id 1cea7d36023c42af
29 http request PUT https://registry.npmjs.org/odo-relay
30 http 409 https://registry.npmjs.org/odo-relay
31 verbose headers { date: 'Thu, 26 Mar 2015 09:56:50 GMT',
31 verbose headers   server: 'Apache',
31 verbose headers   'content-type': 'application/json',
31 verbose headers   'cache-control': 'max-age=60',
31 verbose headers   'content-length': '17',
31 verbose headers   'accept-ranges': 'bytes',
31 verbose headers   via: '1.1 varnish',
31 verbose headers   'x-served-by': 'cache-akl6421-AKL',
31 verbose headers   'x-cache': 'MISS',
31 verbose headers   'x-cache-hits': '0',
31 verbose headers   'x-timer': 'S1427363810.120366,VS0,VE225',
31 verbose headers   'keep-alive': 'timeout=10, max=50',
31 verbose headers   connection: 'Keep-Alive' }
32 verbose request invalidating /Users/tcoats/.npm/registry.npmjs.org/odo-relay on PUT
33 verbose request uri https://registry.npmjs.org/odo-relay?write=true
34 verbose request no auth needed
35 info attempt registry request try #1 at 22:56:50
36 http request GET https://registry.npmjs.org/odo-relay?write=true
37 http 200 https://registry.npmjs.org/odo-relay?write=true
38 verbose stack Error: cannot modify pre-existing version
38 verbose stack     at conflictError (/usr/local/lib/node_modules/npm/node_modules/npm-registry-client/lib/publish.js:184:11)
38 verbose stack     at CachingRegistryClient.putNext (/usr/local/lib/node_modules/npm/node_modules/npm-registry-client/lib/publish.js:147:15)
38 verbose stack     at /usr/local/lib/node_modules/npm/node_modules/npm-registry-client/lib/publish.js:129:15
38 verbose stack     at /usr/local/lib/node_modules/npm/lib/cache/caching-client.js:52:8
38 verbose stack     at f (/usr/local/lib/node_modules/npm/node_modules/once/once.js:17:25)
38 verbose stack     at /usr/local/lib/node_modules/npm/node_modules/npm-registry-client/lib/request.js:73:16
38 verbose stack     at f (/usr/local/lib/node_modules/npm/node_modules/once/once.js:17:25)
38 verbose stack     at CachingRegistryClient.<anonymous> (/usr/local/lib/node_modules/npm/node_modules/npm-registry-client/lib/request.js:262:12)
38 verbose stack     at Request._callback (/usr/local/lib/node_modules/npm/node_modules/npm-registry-client/lib/request.js:178:14)
38 verbose stack     at Request.self.callback (/usr/local/lib/node_modules/npm/node_modules/request/request.js:344:22)
39 verbose pkgid odo-relay
40 verbose cwd /Users/tcoats/Open/odo-relay
41 error Darwin 14.3.0
42 error argv "node" "/usr/local/bin/npm" "publish"
43 error node v1.2.0
44 error npm  v2.6.0
45 error code EPUBLISHCONFLICT
46 error publish fail Cannot publish over existing version.
46 error publish fail Update the 'version' field in package.json and try again.
46 error publish fail
46 error publish fail To automatically increment version numbers, see:
46 error publish fail     npm help version
47 verbose exit [ 1, true ]
